ERROR 2017/03/17 19:28:37 app/controllers/post.go:8:2: cannot find package "openSBackend/app/models" in any of:
	/usr/local/go/src/openSBackend/app/models (from $GOROOT)
	/go/src/openSBackend/app/models (from $GOPATH)
app/init.go:4:8: cannot find package "openss/api/app/database" in any of:
	/usr/local/go/src/openss/api/app/database (from $GOROOT)
	/go/src/openss/api/app/database (from $GOPATH)

ERROR 2017/03/17 19:28:37 package openSBackend/app/models: unrecognized import path "openSBackend/app/models" (import path does not begin with hostname)

ERROR 2017/03/17 19:28:41 app/controllers/post.go:8:2: cannot find package "openSBackend/app/models" in any of:
	/usr/local/go/src/openSBackend/app/models (from $GOROOT)
	/go/src/openSBackend/app/models (from $GOPATH)
app/init.go:4:8: cannot find package "openss/api/app/database" in any of:
	/usr/local/go/src/openss/api/app/database (from $GOROOT)
	/go/src/openss/api/app/database (from $GOPATH)

ERROR 2017/03/17 19:28:41 package openSBackend/app/models: unrecognized import path "openSBackend/app/models" (import path does not begin with hostname)

ERROR 2017/03/17 19:28:45 app/controllers/post.go:8:2: cannot find package "openSBackend/app/models" in any of:
	/usr/local/go/src/openSBackend/app/models (from $GOROOT)
	/go/src/openSBackend/app/models (from $GOPATH)
app/init.go:4:8: cannot find package "openss/api/app/database" in any of:
	/usr/local/go/src/openss/api/app/database (from $GOROOT)
	/go/src/openss/api/app/database (from $GOPATH)

ERROR 2017/03/17 19:28:45 package openSBackend/app/models: unrecognized import path "openSBackend/app/models" (import path does not begin with hostname)

ERROR 2017/03/17 19:28:49 app/controllers/post.go:8:2: cannot find package "openSBackend/app/models" in any of:
	/usr/local/go/src/openSBackend/app/models (from $GOROOT)
	/go/src/openSBackend/app/models (from $GOPATH)
app/init.go:4:8: cannot find package "openss/api/app/database" in any of:
	/usr/local/go/src/openss/api/app/database (from $GOROOT)
	/go/src/openss/api/app/database (from $GOPATH)

ERROR 2017/03/17 19:28:49 package openSBackend/app/models: unrecognized import path "openSBackend/app/models" (import path does not begin with hostname)

ERROR 2017/03/17 19:28:53 app/controllers/post.go:8:2: cannot find package "openSBackend/app/models" in any of:
	/usr/local/go/src/openSBackend/app/models (from $GOROOT)
	/go/src/openSBackend/app/models (from $GOPATH)
app/init.go:4:8: cannot find package "openss/api/app/database" in any of:
	/usr/local/go/src/openss/api/app/database (from $GOROOT)
	/go/src/openss/api/app/database (from $GOPATH)

ERROR 2017/03/17 19:28:53 package openSBackend/app/models: unrecognized import path "openSBackend/app/models" (import path does not begin with hostname)

ERROR 2017/03/17 19:28:57 app/controllers/post.go:8:2: cannot find package "openSBackend/app/models" in any of:
	/usr/local/go/src/openSBackend/app/models (from $GOROOT)
	/go/src/openSBackend/app/models (from $GOPATH)
app/init.go:4:8: cannot find package "openss/api/app/database" in any of:
	/usr/local/go/src/openss/api/app/database (from $GOROOT)
	/go/src/openss/api/app/database (from $GOPATH)

ERROR 2017/03/17 19:28:57 package openSBackend/app/models: unrecognized import path "openSBackend/app/models" (import path does not begin with hostname)

ERROR 2017/03/17 19:29:04 app/controllers/post.go:8:2: cannot find package "openSBackend/app/models" in any of:
	/usr/local/go/src/openSBackend/app/models (from $GOROOT)
	/go/src/openSBackend/app/models (from $GOPATH)
app/init.go:4:8: cannot find package "openss/api/app/database" in any of:
	/usr/local/go/src/openss/api/app/database (from $GOROOT)
	/go/src/openss/api/app/database (from $GOPATH)

ERROR 2017/03/17 19:29:04 package openSBackend/app/models: unrecognized import path "openSBackend/app/models" (import path does not begin with hostname)

ERROR 2017/03/17 19:29:13 app/controllers/post.go:8:2: cannot find package "openSBackend/app/models" in any of:
	/usr/local/go/src/openSBackend/app/models (from $GOROOT)
	/go/src/openSBackend/app/models (from $GOPATH)
app/init.go:4:8: cannot find package "openss/api/app/database" in any of:
	/usr/local/go/src/openss/api/app/database (from $GOROOT)
	/go/src/openss/api/app/database (from $GOPATH)

ERROR 2017/03/17 19:29:13 package openSBackend/app/models: unrecognized import path "openSBackend/app/models" (import path does not begin with hostname)

ERROR 2017/03/17 19:29:29 app/controllers/post.go:8:2: cannot find package "openSBackend/app/models" in any of:
	/usr/local/go/src/openSBackend/app/models (from $GOROOT)
	/go/src/openSBackend/app/models (from $GOPATH)
app/init.go:4:8: cannot find package "openss/api/app/database" in any of:
	/usr/local/go/src/openss/api/app/database (from $GOROOT)
	/go/src/openss/api/app/database (from $GOPATH)

ERROR 2017/03/17 19:29:29 package openSBackend/app/models: unrecognized import path "openSBackend/app/models" (import path does not begin with hostname)

ERROR 2017/03/17 19:29:58 app/controllers/post.go:8:2: cannot find package "openSBackend/app/models" in any of:
	/usr/local/go/src/openSBackend/app/models (from $GOROOT)
	/go/src/openSBackend/app/models (from $GOPATH)
app/init.go:4:8: cannot find package "openss/api/app/database" in any of:
	/usr/local/go/src/openss/api/app/database (from $GOROOT)
	/go/src/openss/api/app/database (from $GOPATH)

ERROR 2017/03/17 19:29:58 package openSBackend/app/models: unrecognized import path "openSBackend/app/models" (import path does not begin with hostname)

ERROR 2017/03/17 19:30:52 app/controllers/post.go:8:2: cannot find package "openSBackend/app/models" in any of:
	/usr/local/go/src/openSBackend/app/models (from $GOROOT)
	/go/src/openSBackend/app/models (from $GOPATH)
app/init.go:4:8: cannot find package "openss/api/app/database" in any of:
	/usr/local/go/src/openss/api/app/database (from $GOROOT)
	/go/src/openss/api/app/database (from $GOPATH)

ERROR 2017/03/17 19:30:52 package openSBackend/app/models: unrecognized import path "openSBackend/app/models" (import path does not begin with hostname)

ERROR 2017/03/17 19:39:18 app/models/post.go:5:2: cannot find package "openSBackend/app/models/mongodb" in any of:
	/usr/local/go/src/openSBackend/app/models/mongodb (from $GOROOT)
	/go/src/openSBackend/app/models/mongodb (from $GOPATH)
app/init.go:4:8: cannot find package "openss/api/app/database" in any of:
	/usr/local/go/src/openss/api/app/database (from $GOROOT)
	/go/src/openss/api/app/database (from $GOPATH)

ERROR 2017/03/17 19:39:18 package openSBackend/app/models/mongodb: unrecognized import path "openSBackend/app/models/mongodb" (import path does not begin with hostname)

ERROR 2017/03/17 19:39:23 app/models/post.go:5:2: cannot find package "openSBackend/app/models/mongodb" in any of:
	/usr/local/go/src/openSBackend/app/models/mongodb (from $GOROOT)
	/go/src/openSBackend/app/models/mongodb (from $GOPATH)
app/init.go:4:8: cannot find package "openss/api/app/database" in any of:
	/usr/local/go/src/openss/api/app/database (from $GOROOT)
	/go/src/openss/api/app/database (from $GOPATH)

ERROR 2017/03/17 19:39:23 package openSBackend/app/models/mongodb: unrecognized import path "openSBackend/app/models/mongodb" (import path does not begin with hostname)

ERROR 2017/03/17 19:39:26 app/models/post.go:5:2: cannot find package "openSBackend/app/models/mongodb" in any of:
	/usr/local/go/src/openSBackend/app/models/mongodb (from $GOROOT)
	/go/src/openSBackend/app/models/mongodb (from $GOPATH)
app/init.go:4:8: cannot find package "openss/api/app/database" in any of:
	/usr/local/go/src/openss/api/app/database (from $GOROOT)
	/go/src/openss/api/app/database (from $GOPATH)

ERROR 2017/03/17 19:39:26 package openSBackend/app/models/mongodb: unrecognized import path "openSBackend/app/models/mongodb" (import path does not begin with hostname)

ERROR 2017/03/17 19:39:30 app/models/post.go:5:2: cannot find package "openSBackend/app/models/mongodb" in any of:
	/usr/local/go/src/openSBackend/app/models/mongodb (from $GOROOT)
	/go/src/openSBackend/app/models/mongodb (from $GOPATH)
app/init.go:4:8: cannot find package "openss/api/app/database" in any of:
	/usr/local/go/src/openss/api/app/database (from $GOROOT)
	/go/src/openss/api/app/database (from $GOPATH)

ERROR 2017/03/17 19:39:30 package openSBackend/app/models/mongodb: unrecognized import path "openSBackend/app/models/mongodb" (import path does not begin with hostname)

ERROR 2017/03/17 19:39:34 app/models/post.go:5:2: cannot find package "openSBackend/app/models/mongodb" in any of:
	/usr/local/go/src/openSBackend/app/models/mongodb (from $GOROOT)
	/go/src/openSBackend/app/models/mongodb (from $GOPATH)
app/init.go:4:8: cannot find package "openss/api/app/database" in any of:
	/usr/local/go/src/openss/api/app/database (from $GOROOT)
	/go/src/openss/api/app/database (from $GOPATH)

ERROR 2017/03/17 19:39:34 package openSBackend/app/models/mongodb: unrecognized import path "openSBackend/app/models/mongodb" (import path does not begin with hostname)

ERROR 2017/03/17 19:39:38 app/models/post.go:5:2: cannot find package "openSBackend/app/models/mongodb" in any of:
	/usr/local/go/src/openSBackend/app/models/mongodb (from $GOROOT)
	/go/src/openSBackend/app/models/mongodb (from $GOPATH)
app/init.go:4:8: cannot find package "openss/api/app/database" in any of:
	/usr/local/go/src/openss/api/app/database (from $GOROOT)
	/go/src/openss/api/app/database (from $GOPATH)

ERROR 2017/03/17 19:39:39 package openSBackend/app/models/mongodb: unrecognized import path "openSBackend/app/models/mongodb" (import path does not begin with hostname)

ERROR 2017/03/17 19:39:45 app/models/post.go:5:2: cannot find package "openSBackend/app/models/mongodb" in any of:
	/usr/local/go/src/openSBackend/app/models/mongodb (from $GOROOT)
	/go/src/openSBackend/app/models/mongodb (from $GOPATH)
app/init.go:4:8: cannot find package "openss/api/app/database" in any of:
	/usr/local/go/src/openss/api/app/database (from $GOROOT)
	/go/src/openss/api/app/database (from $GOPATH)

ERROR 2017/03/17 19:39:45 package openSBackend/app/models/mongodb: unrecognized import path "openSBackend/app/models/mongodb" (import path does not begin with hostname)

ERROR 2017/03/17 19:39:55 app/models/post.go:5:2: cannot find package "openSBackend/app/models/mongodb" in any of:
	/usr/local/go/src/openSBackend/app/models/mongodb (from $GOROOT)
	/go/src/openSBackend/app/models/mongodb (from $GOPATH)
app/init.go:4:8: cannot find package "openss/api/app/database" in any of:
	/usr/local/go/src/openss/api/app/database (from $GOROOT)
	/go/src/openss/api/app/database (from $GOPATH)

ERROR 2017/03/17 19:39:55 package openSBackend/app/models/mongodb: unrecognized import path "openSBackend/app/models/mongodb" (import path does not begin with hostname)

ERROR 2017/03/17 19:40:10 app/models/post.go:5:2: cannot find package "openSBackend/app/models/mongodb" in any of:
	/usr/local/go/src/openSBackend/app/models/mongodb (from $GOROOT)
	/go/src/openSBackend/app/models/mongodb (from $GOPATH)
app/init.go:4:8: cannot find package "openss/api/app/database" in any of:
	/usr/local/go/src/openss/api/app/database (from $GOROOT)
	/go/src/openss/api/app/database (from $GOPATH)

ERROR 2017/03/17 19:40:10 package openSBackend/app/models/mongodb: unrecognized import path "openSBackend/app/models/mongodb" (import path does not begin with hostname)

ERROR 2017/03/17 19:40:39 app/models/post.go:5:2: cannot find package "openSBackend/app/models/mongodb" in any of:
	/usr/local/go/src/openSBackend/app/models/mongodb (from $GOROOT)
	/go/src/openSBackend/app/models/mongodb (from $GOPATH)
app/init.go:4:8: cannot find package "openss/api/app/database" in any of:
	/usr/local/go/src/openss/api/app/database (from $GOROOT)
	/go/src/openss/api/app/database (from $GOPATH)

ERROR 2017/03/17 19:40:39 package openSBackend/app/models/mongodb: unrecognized import path "openSBackend/app/models/mongodb" (import path does not begin with hostname)

ERROR 2017/03/17 19:41:33 app/models/post.go:5:2: cannot find package "openSBackend/app/models/mongodb" in any of:
	/usr/local/go/src/openSBackend/app/models/mongodb (from $GOROOT)
	/go/src/openSBackend/app/models/mongodb (from $GOPATH)
app/init.go:4:8: cannot find package "openss/api/app/database" in any of:
	/usr/local/go/src/openss/api/app/database (from $GOROOT)
	/go/src/openss/api/app/database (from $GOPATH)

ERROR 2017/03/17 19:41:33 package openSBackend/app/models/mongodb: unrecognized import path "openSBackend/app/models/mongodb" (import path does not begin with hostname)

ERROR 2017/03/17 19:48:27 app/init.go:4:8: cannot find package "openss/api/app/database" in any of:
	/usr/local/go/src/openss/api/app/database (from $GOROOT)
	/go/src/openss/api/app/database (from $GOPATH)

ERROR 2017/03/17 19:48:27 package openss/api/app/database: unrecognized import path "openss/api/app/database" (import path does not begin with hostname)

ERROR 2017/03/17 19:48:31 app/init.go:4:8: cannot find package "openss/api/app/database" in any of:
	/usr/local/go/src/openss/api/app/database (from $GOROOT)
	/go/src/openss/api/app/database (from $GOPATH)

ERROR 2017/03/17 19:48:31 package openss/api/app/database: unrecognized import path "openss/api/app/database" (import path does not begin with hostname)

ERROR 2017/03/17 19:48:35 app/init.go:4:8: cannot find package "openss/api/app/database" in any of:
	/usr/local/go/src/openss/api/app/database (from $GOROOT)
	/go/src/openss/api/app/database (from $GOPATH)

ERROR 2017/03/17 19:48:35 package openss/api/app/database: unrecognized import path "openss/api/app/database" (import path does not begin with hostname)

ERROR 2017/03/17 19:48:39 app/init.go:4:8: cannot find package "openss/api/app/database" in any of:
	/usr/local/go/src/openss/api/app/database (from $GOROOT)
	/go/src/openss/api/app/database (from $GOPATH)

ERROR 2017/03/17 19:48:39 package openss/api/app/database: unrecognized import path "openss/api/app/database" (import path does not begin with hostname)

ERROR 2017/03/17 19:48:43 app/init.go:4:8: cannot find package "openss/api/app/database" in any of:
	/usr/local/go/src/openss/api/app/database (from $GOROOT)
	/go/src/openss/api/app/database (from $GOPATH)

ERROR 2017/03/17 19:48:43 package openss/api/app/database: unrecognized import path "openss/api/app/database" (import path does not begin with hostname)

ERROR 2017/03/17 19:48:48 app/init.go:4:8: cannot find package "openss/api/app/database" in any of:
	/usr/local/go/src/openss/api/app/database (from $GOROOT)
	/go/src/openss/api/app/database (from $GOPATH)

ERROR 2017/03/17 19:48:48 package openss/api/app/database: unrecognized import path "openss/api/app/database" (import path does not begin with hostname)

ERROR 2017/03/17 19:48:54 app/init.go:4:8: cannot find package "openss/api/app/database" in any of:
	/usr/local/go/src/openss/api/app/database (from $GOROOT)
	/go/src/openss/api/app/database (from $GOPATH)

ERROR 2017/03/17 19:48:54 package openss/api/app/database: unrecognized import path "openss/api/app/database" (import path does not begin with hostname)

ERROR 2017/03/17 19:49:04 app/init.go:4:8: cannot find package "openss/api/app/database" in any of:
	/usr/local/go/src/openss/api/app/database (from $GOROOT)
	/go/src/openss/api/app/database (from $GOPATH)

ERROR 2017/03/17 19:49:04 package openss/api/app/database: unrecognized import path "openss/api/app/database" (import path does not begin with hostname)

ERROR 2017/03/17 19:49:20 app/init.go:4:8: cannot find package "openss/api/app/database" in any of:
	/usr/local/go/src/openss/api/app/database (from $GOROOT)
	/go/src/openss/api/app/database (from $GOPATH)

ERROR 2017/03/17 19:49:20 package openss/api/app/database: unrecognized import path "openss/api/app/database" (import path does not begin with hostname)

ERROR 2017/03/17 19:49:49 app/init.go:4:8: cannot find package "openss/api/app/database" in any of:
	/usr/local/go/src/openss/api/app/database (from $GOROOT)
	/go/src/openss/api/app/database (from $GOPATH)

ERROR 2017/03/17 19:49:49 package openss/api/app/database: unrecognized import path "openss/api/app/database" (import path does not begin with hostname)

ERROR 2017/03/17 19:53:57 # openss/api/app
app/init.go:30: undefined: revel.LoadConfig
app/init.go:32: undefined: log in log.Fatalf
app/init.go:34: undefined: mongodb in mongodb.MaxPool
app/init.go:34: cannot assign to mongodb.MaxPool
app/init.go:35: undefined: mongodb in mongodb.PATH
app/init.go:35: cannot assign to mongodb.PATH
app/init.go:36: undefined: mongodb in mongodb.DBNAME
app/init.go:36: cannot assign to mongodb.DBNAME
app/init.go:37: undefined: mongodb in mongodb.CheckAndInitServiceConnection

ERROR 2017/03/17 19:54:01 # openss/api/app
app/init.go:30: undefined: revel.LoadConfig
app/init.go:32: undefined: log in log.Fatalf
app/init.go:34: undefined: mongodb in mongodb.MaxPool
app/init.go:34: cannot assign to mongodb.MaxPool
app/init.go:35: undefined: mongodb in mongodb.PATH
app/init.go:35: cannot assign to mongodb.PATH
app/init.go:36: undefined: mongodb in mongodb.DBNAME
app/init.go:36: cannot assign to mongodb.DBNAME
app/init.go:37: undefined: mongodb in mongodb.CheckAndInitServiceConnection

ERROR 2017/03/17 19:54:05 # openss/api/app
app/init.go:30: undefined: revel.LoadConfig
app/init.go:32: undefined: log in log.Fatalf
app/init.go:34: undefined: mongodb in mongodb.MaxPool
app/init.go:34: cannot assign to mongodb.MaxPool
app/init.go:35: undefined: mongodb in mongodb.PATH
app/init.go:35: cannot assign to mongodb.PATH
app/init.go:36: undefined: mongodb in mongodb.DBNAME
app/init.go:36: cannot assign to mongodb.DBNAME
app/init.go:37: undefined: mongodb in mongodb.CheckAndInitServiceConnection

ERROR 2017/03/17 19:54:09 # openss/api/app
app/init.go:30: undefined: revel.LoadConfig
app/init.go:32: undefined: log in log.Fatalf
app/init.go:34: undefined: mongodb in mongodb.MaxPool
app/init.go:34: cannot assign to mongodb.MaxPool
app/init.go:35: undefined: mongodb in mongodb.PATH
app/init.go:35: cannot assign to mongodb.PATH
app/init.go:36: undefined: mongodb in mongodb.DBNAME
app/init.go:36: cannot assign to mongodb.DBNAME
app/init.go:37: undefined: mongodb in mongodb.CheckAndInitServiceConnection

ERROR 2017/03/17 19:54:13 # openss/api/app
app/init.go:30: undefined: revel.LoadConfig
app/init.go:32: undefined: log in log.Fatalf
app/init.go:34: undefined: mongodb in mongodb.MaxPool
app/init.go:34: cannot assign to mongodb.MaxPool
app/init.go:35: undefined: mongodb in mongodb.PATH
app/init.go:35: cannot assign to mongodb.PATH
app/init.go:36: undefined: mongodb in mongodb.DBNAME
app/init.go:36: cannot assign to mongodb.DBNAME
app/init.go:37: undefined: mongodb in mongodb.CheckAndInitServiceConnection

ERROR 2017/03/17 19:54:18 # openss/api/app
app/init.go:30: undefined: revel.LoadConfig
app/init.go:32: undefined: log in log.Fatalf
app/init.go:34: undefined: mongodb in mongodb.MaxPool
app/init.go:34: cannot assign to mongodb.MaxPool
app/init.go:35: undefined: mongodb in mongodb.PATH
app/init.go:35: cannot assign to mongodb.PATH
app/init.go:36: undefined: mongodb in mongodb.DBNAME
app/init.go:36: cannot assign to mongodb.DBNAME
app/init.go:37: undefined: mongodb in mongodb.CheckAndInitServiceConnection

ERROR 2017/03/17 19:54:25 # openss/api/app
app/init.go:30: undefined: revel.LoadConfig
app/init.go:32: undefined: log in log.Fatalf
app/init.go:34: undefined: mongodb in mongodb.MaxPool
app/init.go:34: cannot assign to mongodb.MaxPool
app/init.go:35: undefined: mongodb in mongodb.PATH
app/init.go:35: cannot assign to mongodb.PATH
app/init.go:36: undefined: mongodb in mongodb.DBNAME
app/init.go:36: cannot assign to mongodb.DBNAME
app/init.go:37: undefined: mongodb in mongodb.CheckAndInitServiceConnection

ERROR 2017/03/17 19:54:34 # openss/api/app
app/init.go:30: undefined: revel.LoadConfig
app/init.go:32: undefined: log in log.Fatalf
app/init.go:34: undefined: mongodb in mongodb.MaxPool
app/init.go:34: cannot assign to mongodb.MaxPool
app/init.go:35: undefined: mongodb in mongodb.PATH
app/init.go:35: cannot assign to mongodb.PATH
app/init.go:36: undefined: mongodb in mongodb.DBNAME
app/init.go:36: cannot assign to mongodb.DBNAME
app/init.go:37: undefined: mongodb in mongodb.CheckAndInitServiceConnection

ERROR 2017/03/17 19:54:51 # openss/api/app
app/init.go:30: undefined: revel.LoadConfig
app/init.go:32: undefined: log in log.Fatalf
app/init.go:34: undefined: mongodb in mongodb.MaxPool
app/init.go:34: cannot assign to mongodb.MaxPool
app/init.go:35: undefined: mongodb in mongodb.PATH
app/init.go:35: cannot assign to mongodb.PATH
app/init.go:36: undefined: mongodb in mongodb.DBNAME
app/init.go:36: cannot assign to mongodb.DBNAME
app/init.go:37: undefined: mongodb in mongodb.CheckAndInitServiceConnection

ERROR 2017/03/17 19:55:19 # openss/api/app
app/init.go:30: undefined: revel.LoadConfig
app/init.go:32: undefined: log in log.Fatalf
app/init.go:34: undefined: mongodb in mongodb.MaxPool
app/init.go:34: cannot assign to mongodb.MaxPool
app/init.go:35: undefined: mongodb in mongodb.PATH
app/init.go:35: cannot assign to mongodb.PATH
app/init.go:36: undefined: mongodb in mongodb.DBNAME
app/init.go:36: cannot assign to mongodb.DBNAME
app/init.go:37: undefined: mongodb in mongodb.CheckAndInitServiceConnection

ERROR 2017/03/17 19:56:15 # openss/api/app
app/init.go:30: undefined: revel.LoadConfig
app/init.go:32: undefined: log in log.Fatalf
app/init.go:34: undefined: mongodb in mongodb.MaxPool
app/init.go:34: cannot assign to mongodb.MaxPool
app/init.go:35: undefined: mongodb in mongodb.PATH
app/init.go:35: cannot assign to mongodb.PATH
app/init.go:36: undefined: mongodb in mongodb.DBNAME
app/init.go:36: cannot assign to mongodb.DBNAME
app/init.go:37: undefined: mongodb in mongodb.CheckAndInitServiceConnection

ERROR 2017/03/17 20:07:25 # openss/api/app
app/init.go:33: undefined: revel.LoadConfig

ERROR 2017/03/17 20:11:07 # openss/api/app
app/init.go:33: undefined: revel.LoadConfig

ERROR 2017/03/17 20:11:11 # openss/api/app
app/init.go:33: undefined: revel.LoadConfig

ERROR 2017/03/17 20:11:16 # openss/api/app
app/init.go:33: undefined: revel.LoadConfig

ERROR 2017/03/17 20:11:20 # openss/api/app
app/init.go:33: undefined: revel.LoadConfig

ERROR 2017/03/17 20:11:24 # openss/api/app
app/init.go:33: undefined: revel.LoadConfig

ERROR 2017/03/17 20:11:30 # openss/api/app
app/init.go:33: undefined: revel.LoadConfig

ERROR 2017/03/17 20:11:36 # openss/api/app
app/init.go:33: undefined: revel.LoadConfig

ERROR 2017/03/17 20:11:46 # openss/api/app
app/init.go:33: undefined: revel.LoadConfig

ERROR 2017/03/17 20:12:03 # openss/api/app
app/init.go:33: undefined: revel.LoadConfig

ERROR 2017/03/17 20:12:32 # openss/api/app
app/init.go:33: undefined: revel.LoadConfig

ERROR 2017/03/17 20:13:30 # openss/api/app
app/init.go:4: imported and not used: "log"

ERROR 2017/03/17 20:13:35 # openss/api/app
app/init.go:4: imported and not used: "log"

ERROR 2017/03/17 20:13:39 # openss/api/app
app/init.go:4: imported and not used: "log"

ERROR 2017/03/17 20:13:43 # openss/api/app
app/init.go:4: imported and not used: "log"

ERROR 2017/03/17 20:13:48 # openss/api/app
app/init.go:4: imported and not used: "log"

ERROR 2017/03/17 20:13:53 # openss/api/app
app/init.go:4: imported and not used: "log"

ERROR 2017/03/17 20:14:00 # openss/api/app
app/init.go:4: imported and not used: "log"

ERROR 2017/03/17 20:17:58 # openss/api/app
app/init.go:4: imported and not used: "log"

ERROR 2017/03/17 20:18:02 # openss/api/app
app/init.go:4: imported and not used: "log"

ERROR 2017/03/17 20:18:07 # openss/api/app
app/init.go:4: imported and not used: "log"

ERROR 2017/03/17 20:18:11 # openss/api/app
app/init.go:4: imported and not used: "log"

ERROR 2017/03/17 20:18:15 # openss/api/app
app/init.go:4: imported and not used: "log"

ERROR 2017/03/17 20:18:21 # openss/api/app
app/init.go:4: imported and not used: "log"

ERROR 2017/03/17 20:18:28 # openss/api/app
app/init.go:4: imported and not used: "log"

ERROR 2017/03/25 12:20:05 Error running: exit status 2
ERROR 2017/03/25 12:20:23 Error running: exit status 2
ERROR 2017/03/25 12:20:40 Error running: exit status 2
ERROR 2017/03/25 12:20:57 Error running: exit status 2
ERROR 2017/03/25 12:21:15 Error running: exit status 2
ERROR 2017/03/25 12:21:33 Error running: exit status 2
ERROR 2017/03/25 12:21:50 Error running: exit status 2
ERROR 2017/03/25 12:22:08 Error running: exit status 2
ERROR 2017/03/25 12:22:26 Error running: exit status 2
ERROR 2017/03/25 12:22:45 Error running: exit status 2
ERROR 2017/03/25 12:23:02 Error running: exit status 2
ERROR 2017/03/25 12:23:20 Error running: exit status 2
ERROR 2017/03/25 12:23:38 Error running: exit status 2
ERROR 2017/03/25 12:23:56 Error running: exit status 2
ERROR 2017/03/25 12:24:14 Error running: exit status 2
ERROR 2017/03/25 12:24:32 Error running: exit status 2
ERROR 2017/03/25 12:24:49 Error running: exit status 2
ERROR 2017/03/25 12:25:07 Error running: exit status 2
ERROR 2017/03/25 12:25:24 Error running: exit status 2
ERROR 2017/03/25 12:25:42 Error running: exit status 2
ERROR 2017/03/25 12:26:00 Error running: exit status 2
ERROR 2017/03/25 12:26:17 Error running: exit status 2
ERROR 2017/03/25 12:26:35 Error running: exit status 2
ERROR 2017/03/25 12:26:52 Error running: exit status 2
ERROR 2017/03/25 12:27:10 Error running: exit status 2
ERROR 2017/03/25 12:27:28 Error running: exit status 2
ERROR 2017/03/25 12:27:45 Error running: exit status 2
ERROR 2017/03/25 12:28:03 Error running: exit status 2
ERROR 2017/03/25 12:28:20 Error running: exit status 2
ERROR 2017/03/25 12:28:38 Error running: exit status 2
ERROR 2017/03/25 12:28:55 Error running: exit status 2
ERROR 2017/03/25 12:29:13 Error running: exit status 2
ERROR 2017/03/25 12:29:31 Error running: exit status 2
ERROR 2017/03/25 12:29:48 Error running: exit status 2
ERROR 2017/03/25 12:30:06 Error running: exit status 2
ERROR 2017/03/25 19:35:27 Error running: exit status 2
ERROR 2017/03/25 19:35:45 Error running: exit status 2
ERROR 2017/03/25 19:36:03 Error running: exit status 2
ERROR 2017/03/25 19:36:21 Error running: exit status 2
ERROR 2017/03/25 19:36:38 Error running: exit status 2
ERROR 2017/03/25 19:36:56 Error running: exit status 2
ERROR 2017/03/25 19:37:17 Error running: exit status 2
ERROR 2017/03/25 19:37:36 Error running: exit status 2
ERROR 2017/03/25 19:37:53 Error running: exit status 2
ERROR 2017/03/25 19:38:12 Error running: exit status 2
ERROR 2017/03/25 19:38:29 Error running: exit status 2
ERROR 2017/03/25 19:38:47 Error running: exit status 2
ERROR 2017/03/25 19:39:05 Error running: exit status 2
ERROR 2017/03/25 19:39:23 Error running: exit status 2
ERROR 2017/03/25 19:39:42 Error running: exit status 2
ERROR 2017/03/25 19:39:59 Error running: exit status 2
ERROR 2017/03/25 19:40:17 Error running: exit status 2
ERROR 2017/03/25 19:40:35 Error running: exit status 2
ERROR 2017/03/25 19:40:56 Error running: exit status 2
ERROR 2017/03/25 19:41:14 Error running: exit status 2
ERROR 2017/03/25 19:41:32 Error running: exit status 2
ERROR 2017/03/25 19:41:50 Error running: exit status 2
ERROR 2017/03/25 19:42:07 Error running: exit status 2
ERROR 2017/03/25 19:42:26 Error running: exit status 2
ERROR 2017/03/25 19:42:44 Error running: exit status 2
ERROR 2017/03/25 19:43:02 Error running: exit status 2
ERROR 2017/03/25 19:43:20 Error running: exit status 2
ERROR 2017/03/25 19:43:38 Error running: exit status 2
ERROR 2017/03/25 19:43:55 Error running: exit status 2
ERROR 2017/03/25 19:44:14 Error running: exit status 2
ERROR 2017/03/25 19:44:32 Error running: exit status 2
ERROR 2017/03/25 19:44:50 Error running: exit status 2
ERROR 2017/03/25 19:45:08 Error running: exit status 2
ERROR 2017/03/25 19:45:27 Error running: exit status 2
ERROR 2017/03/25 19:45:45 Error running: exit status 2
ERROR 2017/03/25 19:46:03 Error running: exit status 2
ERROR 2017/03/25 19:46:21 Error running: exit status 2
ERROR 2017/03/25 19:46:38 Error running: exit status 2
ERROR 2017/03/25 19:46:56 Error running: exit status 2
ERROR 2017/03/25 19:47:14 Error running: exit status 2
ERROR 2017/03/25 19:47:31 Error running: exit status 2
ERROR 2017/03/25 19:47:49 Error running: exit status 2
ERROR 2017/03/25 19:48:07 Error running: exit status 2
ERROR 2017/03/25 19:48:26 Error running: exit status 2
ERROR 2017/03/25 19:48:44 Error running: exit status 2
ERROR 2017/03/25 19:49:01 Error running: exit status 2
ERROR 2017/03/25 19:49:19 Error running: exit status 2
ERROR 2017/03/25 19:49:38 Error running: exit status 2
ERROR 2017/03/25 19:49:55 Error running: exit status 2
ERROR 2017/03/25 19:50:13 Error running: exit status 2
ERROR 2017/03/25 19:50:31 Error running: exit status 2
ERROR 2017/03/25 19:50:50 Error running: exit status 2
ERROR 2017/03/25 19:51:08 Error running: exit status 2
ERROR 2017/03/25 19:51:26 Error running: exit status 2
ERROR 2017/03/25 19:51:43 Error running: exit status 2
ERROR 2017/03/25 19:52:01 Error running: exit status 2
ERROR 2017/03/25 19:52:19 Error running: exit status 2
ERROR 2017/03/25 19:52:36 Error running: exit status 2
ERROR 2017/03/25 19:52:54 Error running: exit status 2
ERROR 2017/03/25 19:53:11 Error running: exit status 2
ERROR 2017/03/25 19:53:29 Error running: exit status 2
ERROR 2017/03/25 19:53:47 Error running: exit status 2
ERROR 2017/03/25 22:18:23 Error running: exit status 2
ERROR 2017/03/25 22:18:49 Error running: exit status 2
ERROR 2017/03/25 22:19:08 Error running: exit status 2
ERROR 2017/03/25 22:19:26 Error running: exit status 2
ERROR 2017/03/25 22:19:46 Error running: exit status 2
ERROR 2017/03/25 22:20:07 Error running: exit status 2
ERROR 2017/03/25 22:20:28 Error running: exit status 2
ERROR 2017/03/25 22:20:48 Error running: exit status 2
ERROR 2017/03/25 22:21:14 Error running: exit status 2
ERROR 2017/03/25 22:21:33 Error running: exit status 2
ERROR 2017/03/25 22:21:52 Error running: exit status 2
ERROR 2017/03/25 22:22:12 Error running: exit status 2
ERROR 2017/03/25 22:22:30 Error running: exit status 2
ERROR 2017/03/25 22:22:48 Error running: exit status 2
ERROR 2017/03/25 22:23:06 Error running: exit status 2
ERROR 2017/03/25 22:23:24 Error running: exit status 2
ERROR 2017/03/25 22:23:41 Error running: exit status 2
ERROR 2017/03/25 22:23:59 Error running: exit status 2
ERROR 2017/03/25 22:24:17 Error running: exit status 2
ERROR 2017/03/25 22:24:35 Error running: exit status 2
ERROR 2017/03/25 22:24:53 Error running: exit status 2
ERROR 2017/03/25 22:25:11 Error running: exit status 2
ERROR 2017/03/25 22:25:30 Error running: exit status 2
ERROR 2017/03/25 22:25:48 Error running: exit status 2
ERROR 2017/03/25 22:26:10 Error running: exit status 2
ERROR 2017/03/25 22:26:27 Error running: exit status 2
ERROR 2017/03/25 22:26:45 Error running: exit status 2
ERROR 2017/03/25 22:27:03 Error running: exit status 2
ERROR 2017/03/25 22:27:23 Error running: exit status 2
ERROR 2017/03/25 22:27:42 Error running: exit status 2
ERROR 2017/03/25 22:28:01 Error running: exit status 2
ERROR 2017/03/25 22:28:19 Error running: exit status 2
ERROR 2017/03/25 22:28:37 Error running: exit status 2
ERROR 2017/03/25 22:28:54 Error running: exit status 2
ERROR 2017/03/25 22:29:13 Error running: exit status 2
ERROR 2017/03/25 22:29:33 Error running: exit status 2
ERROR 2017/03/25 22:29:52 Error running: exit status 2
ERROR 2017/03/25 22:30:14 Error running: exit status 2
ERROR 2017/03/25 22:30:34 Error running: exit status 2
ERROR 2017/03/25 22:30:52 Error running: exit status 2
ERROR 2017/03/25 22:31:10 Error running: exit status 2
ERROR 2017/03/25 22:31:27 Error running: exit status 2
ERROR 2017/03/25 22:31:45 Error running: exit status 2
ERROR 2017/03/25 22:32:03 Error running: exit status 2
ERROR 2017/03/25 22:32:21 Error running: exit status 2
ERROR 2017/03/25 22:32:39 Error running: exit status 2
ERROR 2017/03/25 22:32:57 Error running: exit status 2
ERROR 2017/03/25 22:33:16 Error running: exit status 2
ERROR 2017/03/25 22:33:33 Error running: exit status 2
ERROR 2017/03/25 22:33:52 Error running: exit status 2
ERROR 2017/03/25 22:34:13 Error running: exit status 2
ERROR 2017/03/25 22:34:34 Error running: exit status 2
ERROR 2017/03/25 22:34:52 Error running: exit status 2
ERROR 2017/03/25 22:35:09 Error running: exit status 2
ERROR 2017/03/25 22:35:27 Error running: exit status 2
ERROR 2017/03/25 22:35:45 Error running: exit status 2
ERROR 2017/03/25 22:36:03 Error running: exit status 2
ERROR 2017/03/25 22:36:21 Error running: exit status 2
ERROR 2017/03/25 22:36:39 Error running: exit status 2
ERROR 2017/03/25 22:36:58 Error running: exit status 2
ERROR 2017/03/25 22:37:15 Error running: exit status 2
ERROR 2017/03/25 22:37:33 Error running: exit status 2
ERROR 2017/03/25 22:37:51 Error running: exit status 2
ERROR 2017/03/25 22:38:08 Error running: exit status 2
ERROR 2017/03/25 22:38:27 Error running: exit status 2
ERROR 2017/03/25 22:38:44 Error running: exit status 2
ERROR 2017/03/25 22:39:02 Error running: exit status 2
ERROR 2017/03/25 22:39:19 Error running: exit status 2
ERROR 2017/03/25 22:39:38 Error running: exit status 2
ERROR 2017/03/25 22:39:56 Error running: exit status 2
ERROR 2017/03/25 22:40:13 Error running: exit status 2
ERROR 2017/03/25 22:40:31 Error running: exit status 2
ERROR 2017/03/25 22:40:49 Error running: exit status 2
ERROR 2017/03/25 22:41:07 Error running: exit status 2
ERROR 2017/03/25 22:41:25 Error running: exit status 2
ERROR 2017/03/25 22:41:42 Error running: exit status 2
ERROR 2017/03/25 22:42:00 Error running: exit status 2
ERROR 2017/03/25 22:42:18 Error running: exit status 2
ERROR 2017/03/25 22:42:36 Error running: exit status 2
ERROR 2017/03/25 22:42:53 Error running: exit status 2
ERROR 2017/03/25 22:43:12 Error running: exit status 2
ERROR 2017/03/25 22:43:30 Error running: exit status 2
ERROR 2017/03/25 22:43:49 Error running: exit status 2
ERROR 2017/03/25 22:44:10 Error running: exit status 2
ERROR 2017/03/25 22:44:28 Error running: exit status 2
ERROR 2017/03/25 22:44:46 Error running: exit status 2
ERROR 2017/03/25 22:45:04 Error running: exit status 2
ERROR 2017/03/25 22:45:21 Error running: exit status 2
ERROR 2017/03/25 22:45:39 Error running: exit status 2
ERROR 2017/03/25 22:45:57 Error running: exit status 2
ERROR 2017/03/25 22:46:16 Error running: exit status 2
ERROR 2017/03/25 22:46:34 Error running: exit status 2
ERROR 2017/03/25 22:46:52 Error running: exit status 2
ERROR 2017/03/25 22:47:09 Error running: exit status 2
ERROR 2017/03/25 22:47:27 Error running: exit status 2
ERROR 2017/03/25 22:47:45 Error running: exit status 2
ERROR 2017/03/25 22:48:03 Error running: exit status 2
ERROR 2017/03/25 22:48:20 Error running: exit status 2
ERROR 2017/03/25 22:48:38 Error running: exit status 2
ERROR 2017/03/25 22:48:56 Error running: exit status 2
ERROR 2017/03/25 22:49:14 Error running: exit status 2
ERROR 2017/03/25 22:49:31 Error running: exit status 2
ERROR 2017/03/25 22:49:49 Error running: exit status 2
ERROR 2017/03/25 22:50:07 Error running: exit status 2
ERROR 2017/03/25 22:50:24 Error running: exit status 2
ERROR 2017/03/25 22:50:43 Error running: exit status 2
ERROR 2017/03/25 22:51:01 Error running: exit status 2
ERROR 2017/03/25 22:51:18 Error running: exit status 2
ERROR 2017/03/25 22:51:38 Error running: exit status 2
ERROR 2017/03/25 22:51:57 Error running: exit status 2
ERROR 2017/03/25 22:52:14 Error running: exit status 2
ERROR 2017/03/25 22:52:33 Error running: exit status 2
ERROR 2017/03/25 22:52:51 Error running: exit status 2
ERROR 2017/03/25 22:53:09 Error running: exit status 2
ERROR 2017/03/25 22:53:26 Error running: exit status 2
ERROR 2017/03/25 22:53:46 Error running: exit status 2
ERROR 2017/03/25 22:54:03 Error running: exit status 2
ERROR 2017/03/25 22:54:21 Error running: exit status 2
ERROR 2017/03/25 22:54:39 Error running: exit status 2
ERROR 2017/03/25 22:54:58 Error running: exit status 2
ERROR 2017/03/25 22:55:15 Error running: exit status 2
ERROR 2017/03/25 22:55:34 Error running: exit status 2
ERROR 2017/03/25 22:55:51 Error running: exit status 2
ERROR 2017/03/25 22:56:09 Error running: exit status 2
ERROR 2017/03/25 22:56:27 Error running: exit status 2
ERROR 2017/03/25 22:56:46 Error running: exit status 2
ERROR 2017/03/25 22:57:04 Error running: exit status 2
ERROR 2017/03/25 22:57:22 Error running: exit status 2
ERROR 2017/03/25 22:57:39 Error running: exit status 2
ERROR 2017/03/25 22:57:58 Error running: exit status 2
ERROR 2017/03/25 22:58:16 Error running: exit status 2
ERROR 2017/03/25 22:58:34 Error running: exit status 2
ERROR 2017/03/25 22:58:53 Error running: exit status 2
ERROR 2017/03/25 22:59:11 Error running: exit status 2
ERROR 2017/03/25 22:59:29 Error running: exit status 2
ERROR 2017/03/25 22:59:47 Error running: exit status 2
ERROR 2017/03/25 23:00:05 Error running: exit status 2
ERROR 2017/03/25 23:00:24 Error running: exit status 2
ERROR 2017/03/25 23:00:42 Error running: exit status 2
ERROR 2017/03/25 23:01:01 Error running: exit status 2
ERROR 2017/03/25 23:01:18 Error running: exit status 2
ERROR 2017/03/25 23:01:37 Error running: exit status 2
ERROR 2017/03/25 23:01:54 Error running: exit status 2
ERROR 2017/03/25 23:02:12 Error running: exit status 2
ERROR 2017/03/25 23:02:31 Error running: exit status 2
ERROR 2017/03/25 23:02:50 Error running: exit status 2
ERROR 2017/03/25 23:03:07 Error running: exit status 2
ERROR 2017/03/25 23:03:25 Error running: exit status 2
ERROR 2017/03/25 23:03:47 Error running: exit status 2
ERROR 2017/03/25 23:04:04 Error running: exit status 2
ERROR 2017/03/25 23:04:22 Error running: exit status 2
ERROR 2017/03/25 23:04:39 Error running: exit status 2
ERROR 2017/03/25 23:04:57 Error running: exit status 2
ERROR 2017/03/25 23:05:15 Error running: exit status 2
ERROR 2017/03/25 23:05:33 Error running: exit status 2
ERROR 2017/03/25 23:05:50 Error running: exit status 2
ERROR 2017/03/25 23:06:09 Error running: exit status 2
ERROR 2017/03/25 23:06:27 Error running: exit status 2
ERROR 2017/03/25 23:06:46 Error running: exit status 2
ERROR 2017/03/25 23:07:03 Error running: exit status 2
ERROR 2017/03/25 23:07:21 Error running: exit status 2
ERROR 2017/03/25 23:07:39 Error running: exit status 2
ERROR 2017/03/25 23:07:57 Error running: exit status 2
ERROR 2017/03/25 23:08:14 Error running: exit status 2
ERROR 2017/03/25 23:08:32 Error running: exit status 2
ERROR 2017/03/25 23:08:50 Error running: exit status 2
ERROR 2017/03/25 23:09:07 Error running: exit status 2
ERROR 2017/03/25 23:09:25 Error running: exit status 2
ERROR 2017/03/25 23:09:43 Error running: exit status 2
ERROR 2017/03/25 23:10:01 Error running: exit status 2
ERROR 2017/03/25 23:10:19 Error running: exit status 2
ERROR 2017/03/25 23:10:37 Error running: exit status 2
ERROR 2017/03/25 23:10:57 Error running: exit status 2
ERROR 2017/03/25 23:11:15 Error running: exit status 2
ERROR 2017/03/25 23:11:32 Error running: exit status 2
ERROR 2017/03/25 23:11:50 Error running: exit status 2
ERROR 2017/03/25 23:12:08 Error running: exit status 2
ERROR 2017/03/25 23:12:26 Error running: exit status 2
ERROR 2017/03/25 23:12:43 Error running: exit status 2
ERROR 2017/03/25 23:13:01 Error running: exit status 2
ERROR 2017/03/25 23:13:19 Error running: exit status 2
ERROR 2017/03/25 23:13:37 Error running: exit status 2
ERROR 2017/03/25 23:13:54 Error running: exit status 2
ERROR 2017/03/25 23:14:12 Error running: exit status 2
ERROR 2017/03/25 23:14:32 Error running: exit status 2
ERROR 2017/03/25 23:14:49 Error running: exit status 2
ERROR 2017/03/25 23:15:07 Error running: exit status 2
ERROR 2017/03/25 23:15:25 Error running: exit status 2
ERROR 2017/03/25 23:15:43 Error running: exit status 2
ERROR 2017/03/25 23:16:01 Error running: exit status 2
ERROR 2017/03/25 23:16:18 Error running: exit status 2
ERROR 2017/03/25 23:16:37 Error running: exit status 2
ERROR 2017/03/25 23:16:55 Error running: exit status 2
ERROR 2017/03/25 23:17:13 Error running: exit status 2
ERROR 2017/03/25 23:17:31 Error running: exit status 2
ERROR 2017/03/25 23:17:49 Error running: exit status 2
ERROR 2017/03/25 23:18:07 Error running: exit status 2
ERROR 2017/03/25 23:18:25 Error running: exit status 2
ERROR 2017/03/25 23:18:43 Error running: exit status 2
ERROR 2017/03/25 23:19:01 Error running: exit status 2
ERROR 2017/03/25 23:19:21 Error running: exit status 2
ERROR 2017/03/25 23:19:38 Error running: exit status 2
ERROR 2017/03/25 23:19:56 Error running: exit status 2
ERROR 2017/03/25 23:20:14 Error running: exit status 2
ERROR 2017/03/25 23:20:32 Error running: exit status 2
ERROR 2017/03/25 23:20:51 Error running: exit status 2
ERROR 2017/03/25 23:21:09 Error running: exit status 2
ERROR 2017/03/25 23:21:26 Error running: exit status 2
ERROR 2017/03/25 23:21:44 Error running: exit status 2
ERROR 2017/03/25 23:22:03 Error running: exit status 2
ERROR 2017/03/25 23:22:21 Error running: exit status 2
ERROR 2017/03/25 23:22:39 Error running: exit status 2
ERROR 2017/03/25 23:22:57 Error running: exit status 2
ERROR 2017/03/25 23:23:15 Error running: exit status 2
ERROR 2017/03/25 23:23:32 Error running: exit status 2
ERROR 2017/03/25 23:23:50 Error running: exit status 2
ERROR 2017/03/25 23:24:08 Error running: exit status 2
ERROR 2017/03/25 23:24:26 Error running: exit status 2
ERROR 2017/03/25 23:24:43 Error running: exit status 2
ERROR 2017/03/25 23:25:01 Error running: exit status 2
ERROR 2017/03/25 23:25:19 Error running: exit status 2
ERROR 2017/03/25 23:25:36 Error running: exit status 2
ERROR 2017/03/25 23:25:54 Error running: exit status 2
ERROR 2017/03/25 23:26:12 Error running: exit status 2
ERROR 2017/03/25 23:26:30 Error running: exit status 2
ERROR 2017/03/25 23:26:47 Error running: exit status 2
ERROR 2017/03/25 23:27:06 Error running: exit status 2
ERROR 2017/03/25 23:27:24 Error running: exit status 2
ERROR 2017/03/25 23:27:41 Error running: exit status 2
ERROR 2017/03/25 23:27:59 Error running: exit status 2
ERROR 2017/03/25 23:28:17 Error running: exit status 2
ERROR 2017/03/25 23:28:34 Error running: exit status 2
ERROR 2017/03/25 23:28:52 Error running: exit status 2
ERROR 2017/03/25 23:29:10 Error running: exit status 2
ERROR 2017/03/25 23:29:28 Error running: exit status 2
ERROR 2017/03/25 23:29:45 Error running: exit status 2
ERROR 2017/03/25 23:30:03 Error running: exit status 2
ERROR 2017/03/25 23:30:22 Error running: exit status 2
ERROR 2017/03/25 23:30:39 Error running: exit status 2
ERROR 2017/03/25 23:30:57 Error running: exit status 2
ERROR 2017/03/25 23:31:15 Error running: exit status 2
ERROR 2017/03/25 23:31:32 Error running: exit status 2
ERROR 2017/03/25 23:31:50 Error running: exit status 2
ERROR 2017/03/25 23:32:08 Error running: exit status 2
ERROR 2017/03/25 23:32:29 Error running: exit status 2
ERROR 2017/03/25 23:32:47 Error running: exit status 2
ERROR 2017/03/25 23:33:09 Error running: exit status 2
ERROR 2017/03/25 23:33:30 Error running: exit status 2
ERROR 2017/03/25 23:33:49 Error running: exit status 2
ERROR 2017/03/25 23:34:07 Error running: exit status 2
ERROR 2017/03/25 23:34:24 Error running: exit status 2
ERROR 2017/03/25 23:34:42 Error running: exit status 2
ERROR 2017/03/25 23:35:00 Error running: exit status 2
ERROR 2017/03/25 23:35:18 Error running: exit status 2
ERROR 2017/03/25 23:35:40 Error running: exit status 2
ERROR 2017/03/25 23:35:57 Error running: exit status 2
ERROR 2017/03/25 23:36:15 Error running: exit status 2
ERROR 2017/03/25 23:36:33 Error running: exit status 2
ERROR 2017/03/25 23:36:50 Error running: exit status 2
ERROR 2017/03/25 23:37:09 Error running: exit status 2
ERROR 2017/03/25 23:37:27 Error running: exit status 2
ERROR 2017/03/25 23:37:44 Error running: exit status 2
ERROR 2017/03/25 23:38:02 Error running: exit status 2
ERROR 2017/03/25 23:38:20 Error running: exit status 2
ERROR 2017/03/25 23:38:38 Error running: exit status 2
ERROR 2017/03/25 23:38:55 Error running: exit status 2
ERROR 2017/03/25 23:39:14 Error running: exit status 2
ERROR 2017/03/25 23:39:32 Error running: exit status 2
ERROR 2017/03/25 23:39:50 Error running: exit status 2
ERROR 2017/03/25 23:40:07 Error running: exit status 2
ERROR 2017/03/25 23:40:26 Error running: exit status 2
ERROR 2017/03/25 23:40:44 Error running: exit status 2
ERROR 2017/03/25 23:41:02 Error running: exit status 2
ERROR 2017/03/25 23:41:20 Error running: exit status 2
ERROR 2017/03/25 23:41:38 Error running: exit status 2
ERROR 2017/03/25 23:41:55 Error running: exit status 2
ERROR 2017/03/25 23:42:13 Error running: exit status 2
ERROR 2017/03/25 23:42:30 Error running: exit status 2
ERROR 2017/03/25 23:42:48 Error running: exit status 2
ERROR 2017/03/25 23:43:06 Error running: exit status 2
ERROR 2017/03/25 23:43:23 Error running: exit status 2
ERROR 2017/03/25 23:43:42 Error running: exit status 2
ERROR 2017/03/25 23:44:00 Error running: exit status 2
ERROR 2017/03/25 23:44:17 Error running: exit status 2
ERROR 2017/03/25 23:44:35 Error running: exit status 2
ERROR 2017/03/25 23:44:54 Error running: exit status 2
ERROR 2017/03/25 23:45:13 Error running: exit status 2
ERROR 2017/03/25 23:45:30 Error running: exit status 2
ERROR 2017/03/25 23:45:48 Error running: exit status 2
ERROR 2017/03/25 23:46:06 Error running: exit status 2
ERROR 2017/03/25 23:46:24 Error running: exit status 2
ERROR 2017/03/25 23:46:41 Error running: exit status 2
ERROR 2017/03/25 23:47:01 Error running: exit status 2
ERROR 2017/03/25 23:47:19 Error running: exit status 2
ERROR 2017/03/25 23:47:37 Error running: exit status 2
ERROR 2017/03/25 23:47:57 Error running: exit status 2
ERROR 2017/03/25 23:48:15 Error running: exit status 2
ERROR 2017/03/25 23:48:33 Error running: exit status 2
ERROR 2017/03/25 23:48:50 Error running: exit status 2
ERROR 2017/03/25 23:49:09 Error running: exit status 2
ERROR 2017/03/25 23:49:27 Error running: exit status 2
ERROR 2017/03/25 23:49:44 Error running: exit status 2
ERROR 2017/03/25 23:50:02 Error running: exit status 2
ERROR 2017/03/25 23:50:20 Error running: exit status 2
ERROR 2017/03/25 23:50:38 Error running: exit status 2
ERROR 2017/03/25 23:50:55 Error running: exit status 2
ERROR 2017/03/25 23:51:13 Error running: exit status 2
ERROR 2017/03/25 23:51:31 Error running: exit status 2
ERROR 2017/03/25 23:51:49 Error running: exit status 2
ERROR 2017/03/25 23:52:07 Error running: exit status 2
ERROR 2017/03/25 23:52:25 Error running: exit status 2
ERROR 2017/03/25 23:52:43 Error running: exit status 2
ERROR 2017/03/25 23:53:01 Error running: exit status 2
ERROR 2017/03/25 23:53:19 Error running: exit status 2
ERROR 2017/03/25 23:53:36 Error running: exit status 2
ERROR 2017/03/25 23:53:54 Error running: exit status 2
ERROR 2017/03/25 23:54:12 Error running: exit status 2
ERROR 2017/03/25 23:54:30 Error running: exit status 2
ERROR 2017/03/25 23:54:47 Error running: exit status 2
ERROR 2017/03/25 23:55:05 Error running: exit status 2
ERROR 2017/03/25 23:55:23 Error running: exit status 2
ERROR 2017/03/25 23:55:41 Error running: exit status 2
ERROR 2017/03/25 23:55:59 Error running: exit status 2
ERROR 2017/03/25 23:56:17 Error running: exit status 2
ERROR 2017/03/25 23:56:35 Error running: exit status 2
ERROR 2017/03/25 23:56:53 Error running: exit status 2
ERROR 2017/03/25 23:57:10 Error running: exit status 2
ERROR 2017/03/25 23:57:28 Error running: exit status 2
ERROR 2017/03/25 23:57:46 Error running: exit status 2
ERROR 2017/03/25 23:58:05 Error running: exit status 2
ERROR 2017/03/25 23:58:23 Error running: exit status 2
ERROR 2017/03/25 23:58:40 Error running: exit status 2
ERROR 2017/03/25 23:58:58 Error running: exit status 2
ERROR 2017/03/25 23:59:16 Error running: exit status 2
ERROR 2017/03/25 23:59:34 Error running: exit status 2
ERROR 2017/03/25 23:59:52 Error running: exit status 2
ERROR 2017/03/26 00:00:10 Error running: exit status 2
ERROR 2017/03/26 00:00:27 Error running: exit status 2
ERROR 2017/03/26 00:00:45 Error running: exit status 2
ERROR 2017/03/26 00:01:03 Error running: exit status 2
ERROR 2017/03/26 00:01:21 Error running: exit status 2
ERROR 2017/03/26 00:01:39 Error running: exit status 2
ERROR 2017/03/26 00:01:56 Error running: exit status 2
ERROR 2017/03/26 00:02:14 Error running: exit status 2
ERROR 2017/03/26 00:02:32 Error running: exit status 2
ERROR 2017/03/26 00:02:50 Error running: exit status 2
ERROR 2017/03/26 00:03:07 Error running: exit status 2
ERROR 2017/03/26 00:03:25 Error running: exit status 2
ERROR 2017/03/26 00:03:43 Error running: exit status 2
ERROR 2017/03/26 00:04:02 Error running: exit status 2
ERROR 2017/03/26 00:04:20 Error running: exit status 2
ERROR 2017/03/26 00:04:38 Error running: exit status 2
ERROR 2017/03/26 00:04:56 Error running: exit status 2
ERROR 2017/03/26 00:05:15 Error running: exit status 2
ERROR 2017/03/26 00:05:32 Error running: exit status 2
ERROR 2017/03/26 00:05:50 Error running: exit status 2
ERROR 2017/03/26 00:06:08 Error running: exit status 2
ERROR 2017/03/26 00:06:25 Error running: exit status 2
ERROR 2017/03/26 00:06:43 Error running: exit status 2
ERROR 2017/03/26 00:07:01 Error running: exit status 2
ERROR 2017/03/26 00:07:18 Error running: exit status 2
ERROR 2017/03/26 00:07:36 Error running: exit status 2
ERROR 2017/03/26 00:07:55 Error running: exit status 2
ERROR 2017/03/26 00:08:12 Error running: exit status 2
ERROR 2017/03/26 00:08:31 Error running: exit status 2
ERROR 2017/03/26 00:08:49 Error running: exit status 2
ERROR 2017/03/26 00:09:07 Error running: exit status 2
ERROR 2017/03/26 00:09:25 Error running: exit status 2
ERROR 2017/03/26 00:09:43 Error running: exit status 2
ERROR 2017/03/26 00:10:01 Error running: exit status 2
ERROR 2017/03/26 00:10:19 Error running: exit status 2
ERROR 2017/03/26 00:10:38 Error running: exit status 2
ERROR 2017/03/26 00:10:56 Error running: exit status 2
ERROR 2017/03/26 00:11:15 Error running: exit status 2
ERROR 2017/03/26 00:11:32 Error running: exit status 2
ERROR 2017/03/26 00:11:51 Error running: exit status 2
ERROR 2017/03/26 00:12:08 Error running: exit status 2
ERROR 2017/03/26 00:12:26 Error running: exit status 2
ERROR 2017/03/26 00:12:44 Error running: exit status 2
ERROR 2017/03/26 00:13:04 Error running: exit status 2
ERROR 2017/03/26 00:13:22 Error running: exit status 2
ERROR 2017/03/26 00:13:39 Error running: exit status 2
ERROR 2017/03/26 00:13:57 Error running: exit status 2
ERROR 2017/03/26 00:14:15 Error running: exit status 2
ERROR 2017/03/26 00:14:35 Error running: exit status 2
ERROR 2017/03/26 00:14:53 Error running: exit status 2
ERROR 2017/03/26 00:15:11 Error running: exit status 2
ERROR 2017/03/26 00:15:29 Error running: exit status 2
ERROR 2017/03/26 00:15:47 Error running: exit status 2
ERROR 2017/03/26 00:16:05 Error running: exit status 2
ERROR 2017/03/26 00:16:23 Error running: exit status 2
ERROR 2017/03/26 00:16:41 Error running: exit status 2
ERROR 2017/03/26 00:16:59 Error running: exit status 2
ERROR 2017/03/26 00:17:17 Error running: exit status 2
ERROR 2017/03/26 00:17:35 Error running: exit status 2
ERROR 2017/03/26 00:17:52 Error running: exit status 2
ERROR 2017/03/26 00:18:11 Error running: exit status 2
ERROR 2017/03/26 00:18:29 Error running: exit status 2
ERROR 2017/03/26 00:18:47 Error running: exit status 2
ERROR 2017/03/26 00:19:05 Error running: exit status 2
ERROR 2017/03/26 00:19:24 Error running: exit status 2
ERROR 2017/03/26 00:19:42 Error running: exit status 2
ERROR 2017/03/26 00:20:00 Error running: exit status 2
ERROR 2017/03/26 00:20:18 Error running: exit status 2
ERROR 2017/03/26 00:20:35 Error running: exit status 2
ERROR 2017/03/26 00:20:53 Error running: exit status 2
ERROR 2017/03/26 00:21:11 Error running: exit status 2
ERROR 2017/03/26 00:21:28 Error running: exit status 2
ERROR 2017/03/26 00:21:46 Error running: exit status 2
ERROR 2017/03/26 00:22:05 Error running: exit status 2
ERROR 2017/03/26 00:22:22 Error running: exit status 2
ERROR 2017/03/26 00:22:40 Error running: exit status 2
ERROR 2017/03/26 00:22:58 Error running: exit status 2
ERROR 2017/03/26 00:23:17 Error running: exit status 2
ERROR 2017/03/26 00:23:35 Error running: exit status 2
ERROR 2017/03/26 00:23:53 Error running: exit status 2
ERROR 2017/03/26 00:24:11 Error running: exit status 2
ERROR 2017/03/26 00:24:29 Error running: exit status 2
ERROR 2017/03/26 00:24:46 Error running: exit status 2
ERROR 2017/03/26 00:25:04 Error running: exit status 2
ERROR 2017/03/26 00:25:22 Error running: exit status 2
ERROR 2017/03/26 00:25:40 Error running: exit status 2
ERROR 2017/03/26 00:25:57 Error running: exit status 2
ERROR 2017/03/26 00:26:15 Error running: exit status 2
ERROR 2017/03/26 00:26:33 Error running: exit status 2
ERROR 2017/03/26 00:26:51 Error running: exit status 2
ERROR 2017/03/26 00:27:09 Error running: exit status 2
ERROR 2017/03/26 00:27:28 Error running: exit status 2
ERROR 2017/03/26 00:27:46 Error running: exit status 2
ERROR 2017/03/26 00:28:03 Error running: exit status 2
ERROR 2017/03/26 00:28:22 Error running: exit status 2
ERROR 2017/03/26 00:28:41 Error running: exit status 2
ERROR 2017/03/26 00:29:00 Error running: exit status 2
ERROR 2017/03/26 00:29:22 Error running: exit status 2
ERROR 2017/03/26 00:29:40 Error running: exit status 2
ERROR 2017/03/26 00:29:59 Error running: exit status 2
ERROR 2017/03/26 00:30:19 Error running: exit status 2
ERROR 2017/03/26 00:30:39 Error running: exit status 2
ERROR 2017/03/26 00:30:57 Error running: exit status 2
ERROR 2017/03/26 00:31:16 Error running: exit status 2
ERROR 2017/03/26 00:31:34 Error running: exit status 2
ERROR 2017/03/26 00:31:52 Error running: exit status 2
ERROR 2017/03/26 00:32:10 Error running: exit status 2
ERROR 2017/03/26 00:32:29 Error running: exit status 2
ERROR 2017/03/26 00:32:47 Error running: exit status 2
ERROR 2017/03/26 00:33:04 Error running: exit status 2
ERROR 2017/03/26 00:33:22 Error running: exit status 2
ERROR 2017/03/26 00:33:40 Error running: exit status 2
ERROR 2017/03/26 00:34:00 Error running: exit status 2
ERROR 2017/03/26 00:34:17 Error running: exit status 2
ERROR 2017/03/26 00:34:35 Error running: exit status 2
ERROR 2017/03/26 00:34:52 Error running: exit status 2
ERROR 2017/03/26 00:35:10 Error running: exit status 2
ERROR 2017/03/26 00:35:28 Error running: exit status 2
ERROR 2017/03/26 00:35:46 Error running: exit status 2
ERROR 2017/03/26 00:36:04 Error running: exit status 2
ERROR 2017/03/26 00:36:23 Error running: exit status 2
ERROR 2017/03/26 00:36:40 Error running: exit status 2
ERROR 2017/03/26 00:36:58 Error running: exit status 2
ERROR 2017/03/26 00:37:16 Error running: exit status 2
ERROR 2017/03/26 00:37:33 Error running: exit status 2
ERROR 2017/03/26 00:37:51 Error running: exit status 2
ERROR 2017/03/26 00:38:09 Error running: exit status 2
ERROR 2017/03/26 00:38:29 Error running: exit status 2
ERROR 2017/03/26 00:38:46 Error running: exit status 2
ERROR 2017/03/26 00:39:06 Error running: exit status 2
ERROR 2017/03/26 00:39:23 Error running: exit status 2
ERROR 2017/03/26 00:39:41 Error running: exit status 2
ERROR 2017/03/26 00:39:59 Error running: exit status 2
ERROR 2017/03/26 00:40:17 Error running: exit status 2
ERROR 2017/03/26 00:40:35 Error running: exit status 2
ERROR 2017/03/26 00:40:53 Error running: exit status 2
ERROR 2017/03/26 00:41:11 Error running: exit status 2
ERROR 2017/03/26 00:41:30 Error running: exit status 2
ERROR 2017/03/26 00:41:48 Error running: exit status 2
ERROR 2017/03/26 00:42:06 Error running: exit status 2
ERROR 2017/03/26 00:42:24 Error running: exit status 2
ERROR 2017/03/26 00:42:42 Error running: exit status 2
ERROR 2017/03/26 00:42:59 Error running: exit status 2
ERROR 2017/03/26 00:43:18 Error running: exit status 2
ERROR 2017/03/26 00:43:38 Error running: exit status 2
ERROR 2017/03/26 00:43:56 Error running: exit status 2
ERROR 2017/03/26 00:44:14 Error running: exit status 2
ERROR 2017/03/26 00:44:32 Error running: exit status 2
ERROR 2017/03/26 00:44:51 Error running: exit status 2
ERROR 2017/03/26 00:45:09 Error running: exit status 2
ERROR 2017/03/26 00:45:28 Error running: exit status 2
ERROR 2017/03/26 00:45:45 Error running: exit status 2
ERROR 2017/03/26 00:46:03 Error running: exit status 2
ERROR 2017/03/26 00:46:21 Error running: exit status 2
ERROR 2017/03/26 00:46:39 Error running: exit status 2
ERROR 2017/03/26 00:46:58 Error running: exit status 2
ERROR 2017/03/26 00:47:16 Error running: exit status 2
ERROR 2017/03/26 00:47:34 Error running: exit status 2
ERROR 2017/03/26 00:47:52 Error running: exit status 2
ERROR 2017/03/26 00:48:11 Error running: exit status 2
ERROR 2017/03/26 00:48:33 Error running: exit status 2
ERROR 2017/03/26 00:48:51 Error running: exit status 2
ERROR 2017/03/26 00:49:08 Error running: exit status 2
ERROR 2017/03/26 00:49:27 Error running: exit status 2
ERROR 2017/03/26 00:49:45 Error running: exit status 2
ERROR 2017/03/26 00:50:03 Error running: exit status 2
ERROR 2017/03/26 00:50:21 Error running: exit status 2
ERROR 2017/03/26 00:50:39 Error running: exit status 2
ERROR 2017/03/26 00:50:57 Error running: exit status 2
ERROR 2017/03/26 00:51:14 Error running: exit status 2
ERROR 2017/03/26 00:51:32 Error running: exit status 2
ERROR 2017/03/26 00:51:50 Error running: exit status 2
ERROR 2017/03/26 00:52:08 Error running: exit status 2
ERROR 2017/03/26 00:52:26 Error running: exit status 2
ERROR 2017/03/26 00:52:45 Error running: exit status 2
ERROR 2017/03/26 00:53:03 Error running: exit status 2
ERROR 2017/03/26 00:53:22 Error running: exit status 2
ERROR 2017/03/26 00:53:40 Error running: exit status 2
ERROR 2017/03/26 00:53:58 Error running: exit status 2
ERROR 2017/03/26 00:54:15 Error running: exit status 2
ERROR 2017/03/26 00:54:34 Error running: exit status 2
ERROR 2017/03/26 00:54:52 Error running: exit status 2
ERROR 2017/03/26 00:55:10 Error running: exit status 2
ERROR 2017/03/26 00:55:29 Error running: exit status 2
ERROR 2017/03/26 00:55:50 Error running: exit status 2
ERROR 2017/03/26 00:56:10 Error running: exit status 2
ERROR 2017/03/26 00:56:31 Error running: exit status 2
ERROR 2017/03/26 00:56:50 Error running: exit status 2
ERROR 2017/03/26 16:56:09 Response write failed: http: request method or response status code does not allow body
ERROR 2017/03/26 22:59:02 Error running: exit status 2
ERROR 2017/03/26 22:59:28 Error running: exit status 2
ERROR 2017/03/26 22:59:46 Error running: exit status 2
ERROR 2017/03/26 23:00:06 Error running: exit status 2
ERROR 2017/03/26 23:00:24 Error running: exit status 2
ERROR 2017/03/26 23:00:49 Error running: exit status 2
ERROR 2017/03/26 23:01:10 Error running: exit status 2
ERROR 2017/03/26 23:01:28 Error running: exit status 2
ERROR 2017/03/26 23:28:25 Error running: exit status 2
ERROR 2017/03/26 23:28:43 Error running: exit status 2
ERROR 2017/03/26 23:29:02 Error running: exit status 2
ERROR 2017/03/26 23:29:21 Error running: exit status 2
ERROR 2017/03/26 23:29:40 Error running: exit status 2
ERROR 2017/03/26 23:29:59 Error running: exit status 2
ERROR 2017/03/26 23:30:21 Error running: exit status 2
ERROR 2017/03/26 23:30:39 Error running: exit status 2
ERROR 2017/03/26 23:30:59 Error running: exit status 2
ERROR 2017/03/26 23:31:17 Error running: exit status 2
ERROR 2017/03/26 23:31:36 Error running: exit status 2
ERROR 2017/03/27 00:13:47 Response write failed: http: request method or response status code does not allow body
